2025-11-12 22:13:48,732 [Worker-14] INFO  o.e.m.c.i.p.ProjectConfigurationManager - Collecting project info '/pom.xml' D:\Code\SpringMVC\MVCproject\pom.xml
2025-11-12 22:13:49,682 [Worker-14] INFO  o.e.m.c.i.l.LifecycleMappingFactory - Using org.maven.ide.eclipse.wtp.WarLifecycleMapping lifecycle mapping for MavenProject: MVCproject:MVCproject:0.0.1-SNAPSHOT @ D:\Code\SpringMVC\MVCproject\pom.xml.
2025-11-12 22:13:50,489 [Worker-14] INFO  o.e.m.j.i.AbstractJavaProjectConfigurator - Adding source folder /MVCproject/src/main/java
2025-11-12 22:13:50,490 [Worker-14] INFO  o.e.m.j.i.AbstractJavaProjectConfigurator - Adding resource folder /MVCproject/src/main/resources
2025-11-12 22:13:50,491 [Worker-14] INFO  o.e.m.j.i.AbstractJavaProjectConfigurator - Adding source folder /MVCproject/src/test/java
2025-11-12 22:13:53,259 [Worker-14] INFO  o.e.m.c.i.p.ProjectConfigurationManager - Imported and configured 1 project(s) in 4 sec
2025-11-12 22:13:54,294 [Worker-19] WARN  o.e.m.c.i.embedder.EclipseLogger - Using platform encoding (Cp1252 actually) to copy filtered resources, i.e. build is platform dependent!
2025-11-12 22:13:54,302 [Worker-19] INFO  o.e.m.c.i.embedder.EclipseLogger - Copying 0 resource
2025-11-12 22:13:54,306 [Worker-19] WARN  o.e.m.c.i.embedder.EclipseLogger - Using platform encoding (Cp1252 actually) to copy filtered resources, i.e. build is platform dependent!
2025-11-12 22:13:54,307 [Worker-19] INFO  o.e.m.c.i.embedder.EclipseLogger - skip non existing resourceDirectory D:\Code\SpringMVC\MVCproject\src\test\resources
2025-11-12 22:13:54,608 [Worker-11] WARN  o.e.m.c.i.embedder.EclipseLogger - Using platform encoding (Cp1252 actually) to copy filtered resources, i.e. build is platform dependent!
2025-11-12 22:13:54,612 [Worker-11] INFO  o.e.m.c.i.embedder.EclipseLogger - Copying 0 resource
2025-11-12 22:13:54,613 [Worker-11] WARN  o.e.m.c.i.embedder.EclipseLogger - Using platform encoding (Cp1252 actually) to copy filtered resources, i.e. build is platform dependent!
2025-11-12 22:13:54,614 [Worker-11] INFO  o.e.m.c.i.embedder.EclipseLogger - skip non existing resourceDirectory D:\Code\SpringMVC\MVCproject\src\test\resources
2025-11-12 22:16:09,037 [Worker-28] WARN  o.e.m.c.i.embedder.EclipseLogger - Using platform encoding (Cp1252 actually) to copy filtered resources, i.e. build is platform dependent!
2025-11-12 22:16:09,039 [Worker-28] INFO  o.e.m.c.i.embedder.EclipseLogger - Copying 0 resource
2025-11-12 22:16:09,041 [Worker-28] WARN  o.e.m.c.i.embedder.EclipseLogger - Using platform encoding (Cp1252 actually) to copy filtered resources, i.e. build is platform dependent!
2025-11-12 22:16:09,043 [Worker-28] INFO  o.e.m.c.i.embedder.EclipseLogger - skip non existing resourceDirectory D:\Code\SpringMVC\MVCproject\src\test\resources
2025-11-12 22:16:45,552 [Worker-11] WARN  o.e.m.c.i.embedder.EclipseLogger - Using platform encoding (Cp1252 actually) to copy filtered resources, i.e. build is platform dependent!
2025-11-12 22:16:45,554 [Worker-11] INFO  o.e.m.c.i.embedder.EclipseLogger - Copying 0 resource
2025-11-12 22:16:45,556 [Worker-11] WARN  o.e.m.c.i.embedder.EclipseLogger - Using platform encoding (Cp1252 actually) to copy filtered resources, i.e. build is platform dependent!
2025-11-12 22:16:45,558 [Worker-11] INFO  o.e.m.c.i.embedder.EclipseLogger - skip non existing resourceDirectory D:\Code\SpringMVC\MVCproject\src\test\resources
2025-11-12 22:16:57,386 [Worker-26] WARN  o.e.m.c.i.embedder.EclipseLogger - Using platform encoding (Cp1252 actually) to copy filtered resources, i.e. build is platform dependent!
2025-11-12 22:16:57,388 [Worker-26] INFO  o.e.m.c.i.embedder.EclipseLogger - Copying 0 resource
2025-11-12 22:16:57,390 [Worker-26] WARN  o.e.m.c.i.embedder.EclipseLogger - Using platform encoding (Cp1252 actually) to copy filtered resources, i.e. build is platform dependent!
2025-11-12 22:16:57,392 [Worker-26] INFO  o.e.m.c.i.embedder.EclipseLogger - skip non existing resourceDirectory D:\Code\SpringMVC\MVCproject\src\test\resources
2025-11-12 22:17:06,681 [Worker-28] WARN  o.e.m.c.i.embedder.EclipseLogger - Using platform encoding (Cp1252 actually) to copy filtered resources, i.e. build is platform dependent!
2025-11-12 22:17:06,683 [Worker-28] INFO  o.e.m.c.i.embedder.EclipseLogger - Copying 0 resource
2025-11-12 22:17:06,685 [Worker-28] WARN  o.e.m.c.i.embedder.EclipseLogger - Using platform encoding (Cp1252 actually) to copy filtered resources, i.e. build is platform dependent!
2025-11-12 22:17:06,686 [Worker-28] INFO  o.e.m.c.i.embedder.EclipseLogger - skip non existing resourceDirectory D:\Code\SpringMVC\MVCproject\src\test\resources
2025-11-12 22:17:12,073 [Worker-27] WARN  o.e.m.c.i.embedder.EclipseLogger - Using platform encoding (Cp1252 actually) to copy filtered resources, i.e. build is platform dependent!
2025-11-12 22:17:12,075 [Worker-27] INFO  o.e.m.c.i.embedder.EclipseLogger - Copying 0 resource
2025-11-12 22:17:12,078 [Worker-27] WARN  o.e.m.c.i.embedder.EclipseLogger - Using platform encoding (Cp1252 actually) to copy filtered resources, i.e. build is platform dependent!
2025-11-12 22:17:12,079 [Worker-27] INFO  o.e.m.c.i.embedder.EclipseLogger - skip non existing resourceDirectory D:\Code\SpringMVC\MVCproject\src\test\resources
2025-11-12 22:17:22,702 [Worker-11] WARN  o.e.m.c.i.embedder.EclipseLogger - Using platform encoding (Cp1252 actually) to copy filtered resources, i.e. build is platform dependent!
2025-11-12 22:17:22,703 [Worker-11] INFO  o.e.m.c.i.embedder.EclipseLogger - Copying 0 resource
2025-11-12 22:17:22,705 [Worker-11] WARN  o.e.m.c.i.embedder.EclipseLogger - Using platform encoding (Cp1252 actually) to copy filtered resources, i.e. build is platform dependent!
2025-11-12 22:17:22,706 [Worker-11] INFO  o.e.m.c.i.embedder.EclipseLogger - skip non existing resourceDirectory D:\Code\SpringMVC\MVCproject\src\test\resources
2025-11-12 22:18:30,317 [Worker-11] WARN  o.e.m.c.i.embedder.EclipseLogger - Using platform encoding (Cp1252 actually) to copy filtered resources, i.e. build is platform dependent!
2025-11-12 22:18:30,324 [Worker-11] INFO  o.e.m.c.i.embedder.EclipseLogger - Copying 0 resource
2025-11-12 22:18:30,325 [Worker-11] WARN  o.e.m.c.i.embedder.EclipseLogger - Using platform encoding (Cp1252 actually) to copy filtered resources, i.e. build is platform dependent!
2025-11-12 22:18:30,326 [Worker-11] INFO  o.e.m.c.i.embedder.EclipseLogger - skip non existing resourceDirectory D:\Code\SpringMVC\MVCproject\src\test\resources
2025-11-12 22:18:53,708 [Worker-23] WARN  o.e.m.c.i.embedder.EclipseLogger - Using platform encoding (Cp1252 actually) to copy filtered resources, i.e. build is platform dependent!
2025-11-12 22:18:53,710 [Worker-23] INFO  o.e.m.c.i.embedder.EclipseLogger - Copying 0 resource
2025-11-12 22:18:53,712 [Worker-23] WARN  o.e.m.c.i.embedder.EclipseLogger - Using platform encoding (Cp1252 actually) to copy filtered resources, i.e. build is platform dependent!
2025-11-12 22:18:53,713 [Worker-23] INFO  o.e.m.c.i.embedder.EclipseLogger - skip non existing resourceDirectory D:\Code\SpringMVC\MVCproject\src\test\resources
